System Usage:
-------------
CPU Usage: 4.7
Memory Usage: 3516
System Usage:
-------------
CPU Usage: 54.8
Memory Usage: 3534
CPU usage has exceeded the threshold of 2%
System Usage:
-------------
CPU Usage: 8.6
Memory Usage: 4255
System Usage:
-------------
CPU Usage: 8.6
Memory Usage: 4111
System Usage:
-------------
CPU Usage: 8.6
Memory Usage: 4108
System Usage:
-------------
CPU Usage: 8.6
Memory Usage: 4244
System Usage:
-------------
CPU Usage: 7.9
Memory Usage: 4216
System Usage:
-------------
CPU Usage: 4.6
Memory Usage: 4216
CPU usage has exceeded the threshold of 2%
System Usage:
-------------
CPU Usage: 10.3
Memory Usage: 4239
CPU usage has exceeded the threshold of 2%
System Usage:
-------------
CPU Usage: 3.3
Memory Usage: 4244
System Usage:
-------------
CPU Usage: 3.3
Memory Usage: 4466
System Usage:
-------------
CPU Usage: 3.3
Memory Usage: 4476
System Usage:
-------------
CPU Usage: 3.3
Memory Usage: 4466
System Usage:
-------------
CPU Usage: 3.3
Memory Usage: 4835
System Usage:
-------------
CPU Usage: 3.3
Memory Usage: 5261
System Usage:
-------------
CPU Usage: 3.3
Memory Usage: 4504
System Usage:
-------------
CPU Usage: 3.3
Memory Usage: 4459
System Usage:
-------------
CPU Usage: 5.2
Memory Usage: 4472
System Usage:
-------------
CPU Usage: 3.3
Memory Usage: 4463
System Usage:
-------------
CPU Usage: 5.2
Memory Usage: 4310
System Usage:
-------------
CPU Usage: 3.3
Memory Usage: 4324
System Usage:
-------------
CPU Usage: 5.2
Memory Usage: 4273
System Usage:
-------------
CPU Usage: 3.3
Memory Usage: 4323
System Usage:
-------------
CPU Usage: 5.2
Memory Usage: 4276
System Usage:
-------------
CPU Usage: 3.3
Memory Usage: 4322
System Usage:
-------------
CPU Usage: 5.2
Memory Usage: 4303
System Usage:
-------------
CPU Usage: 3.3
Memory Usage: 4529
System Usage:
-------------
CPU Usage: 5.2
Memory Usage: 4522
System Usage:
-------------
CPU Usage: 5.2
Memory Usage: 4315
System Usage:
-------------
CPU Usage: 3.3
Memory Usage: 4360
System Usage:
-------------
CPU Usage: 5.2
Memory Usage: 4452
System Usage:
-------------
CPU Usage: 3.3
Memory Usage: 4344
System Usage:
-------------
CPU Usage: 5.2
Memory Usage: 4304
System Usage:
-------------
CPU Usage: 3.3
Memory Usage: 4331
System Usage:
-------------
CPU Usage: 5.2
Memory Usage: 5035
System Usage:
-------------
CPU Usage: 3.3
Memory Usage: 5059
System Usage:
-------------
CPU Usage: 5.2
Memory Usage: 5019
System Usage:
-------------
CPU Usage: 3.3
Memory Usage: 5014
System Usage:
-------------
CPU Usage: 5.2
Memory Usage: 4984
System Usage:
-------------
CPU Usage: 3.3
Memory Usage: 5008
System Usage:
-------------
CPU Usage: 5.2
Memory Usage: 5002
System Usage:
-------------
CPU Usage: 3.3
Memory Usage: 5004
System Usage:
-------------
CPU Usage: 5.2
Memory Usage: 5004
System Usage:
-------------
CPU Usage: 3.3
Memory Usage: 5015
System Usage:
-------------
CPU Usage: 5.2
Memory Usage: 5016
System Usage:
-------------
CPU Usage: 3.3
Memory Usage: 5000
System Usage:
-------------
CPU Usage: 5.2
Memory Usage: 5149
System Usage:
-------------
CPU Usage: 3.3
Memory Usage: 5130
System Usage:
-------------
CPU Usage: 5.0
Memory Usage: 5100
CPU usage has exceeded the threshold of 2%
System Usage:
-------------
CPU Usage: 6.7
Memory Usage: 5133
System Usage:
-------------
CPU Usage: 6.7
Memory Usage: 5296
System Usage:
-------------
CPU Usage: 6.7
Memory Usage: 5353
System Usage:
-------------
CPU Usage: 12.2
Memory Usage: 5328
System Usage:
-------------
CPU Usage: 6.7
Memory Usage: 5285
System Usage:
-------------
CPU Usage: 6.7
Memory Usage: 5414
System Usage:
-------------
CPU Usage: 6.7
Memory Usage: 5471
System Usage:
-------------
CPU Usage: 6.7
Memory Usage: 5663
System Usage:
-------------
CPU Usage: 6.7
Memory Usage: 5677
System Usage:
-------------
CPU Usage: 6.7
Memory Usage: 5414
System Usage:
-------------
CPU Usage: 6.7
Memory Usage: 5391
System Usage:
-------------
CPU Usage: 5.7
Memory Usage: 5488
CPU usage has exceeded the threshold of 2%
System Usage:
-------------
CPU Usage: 7.7
Memory Usage: 5474
